[www.fullstackit.com/index.html]
[backblue.gif]
[fade.gif]
[index.html]
[www.fullstackit.com/css/normalize.css]
[www.fullstackit.com/css/grid.css]
[www.fullstackit.com/css/style2.css]
[www.fullstackit.com/images/minilogo.ico]
[www.fullstackit.com/images/logo.png]
[www.fullstackit.com/images/logo_main.png]
[www.fullstackit.com/images/button1.png]
[www.fullstackit.com/images/button3.png]
[www.fullstackit.com/images/button2.png]
[www.fullstackit.com/images/welcome_arrow.png]
[www.fullstackit.com/images/welcome_bg.png]
[www.fullstackit.com/images/about1.png]
[www.fullstackit.com/images/about2.png]
[www.fullstackit.com/images/about3.png]
[www.fullstackit.com/images/job_seekers/job_1_1.png]
[www.fullstackit.com/images/job_seekers/job_1_2.png]
[www.fullstackit.com/images/job_seekers/job_1_3.png]
[www.fullstackit.com/images/job_seekers/job_1_4.png]
[www.fullstackit.com/images/job_seekers/job_2_1.png]
[www.fullstackit.com/images/job_seekers/job_2_2.png]
[www.fullstackit.com/images/job_seekers/job_2_3.png]
[www.fullstackit.com/images/job_seekers/job_2_4.png]
[www.fullstackit.com/images/job_seekers/job_3_1.png]
[www.fullstackit.com/images/job_seekers/job_3_2.png]
[www.fullstackit.com/images/job_seekers/job_3_3.png]
[www.fullstackit.com/images/job_seekers/job_3_4.png]
[www.fullstackit.com/images/apply.png]
[www.fullstackit.com/images/slide5diamond.png]
[www.fullstackit.com/Full-Stack-Solutions-timesheet-for-temporary-staff.pdf]
[www.fullstackit.com/images/twitter.png]
[www.fullstackit.com/images/fb.png]
[www.fullstackit.com/images/linkedin.png]
[ajax.googleapis.com/ajax/libs/jquery/1.7.2/jquery.min.js]
[www.fullstackit.com/js/jquery.stellar.min.js]
[www.fullstackit.com/js/waypoints.min.js]
[www.fullstackit.com/js/jquery.easing.1.3.js]
[www.fullstackit.com/js/scripts.js]
[www.fullstackit.com/js/jquery.leanModal.min.js]
[www.fullstackit.com/images/twitter_2.png]
[www.fullstackit.com/images/fb_2.png]
[www.fullstackit.com/images/in_2.png]
[www.fullstackit.com/index.html]
[www.fullstackit.com/css/normalize.css]
[www.fullstackit.com/css/grid.css]
[www.fullstackit.com/images/bk_1_blur.png]
[www.fullstackit.com/css/style2.css]
[www.fullstackit.com/js/scripts.min.html]
[connect.facebook.net/en_US/all.html]
